[debug] [2020-09-17T22:41:28.784Z] ----------------------------------------------------------------------
[debug] [2020-09-17T22:41:28.785Z] Command:       C:\Program Files\nodejs\node.exe C:\Users\momad\AppData\Roaming\npm\node_modules\firebase-tools\lib\bin\firebase.js emulators:start
[debug] [2020-09-17T22:41:28.786Z] CLI Version:   8.10.0
[debug] [2020-09-17T22:41:28.786Z] Platform:      win32
[debug] [2020-09-17T22:41:28.786Z] Node Version:  v12.16.3
[debug] [2020-09-17T22:41:28.786Z] Time:          Thu Sep 17 2020 17:41:28 GMT-0500 (Central Daylight Time)
[debug] [2020-09-17T22:41:28.787Z] ----------------------------------------------------------------------
[debug] [2020-09-17T22:41:28.787Z] 
[debug] [2020-09-17T22:41:28.794Z] > command requires scopes: ["email","openid","https://www.googleapis.com/auth/cloudplatformprojects.readonly","https://www.googleapis.com/auth/firebase","https://www.googleapis.com/auth/cloud-platform"]
[debug] [2020-09-17T22:41:28.795Z] > authorizing via signed-in user
[info] i  emulators: Starting emulators: functions, hosting {"metadata":{"emulator":{"name":"hub"},"message":"Starting emulators: functions, hosting"}}
[debug] [2020-09-17T22:41:30.960Z] [hub] writing locator at C:\Users\momad\AppData\Local\Temp\hub-challenge-a915b.json
[warn] !  functions: The following emulators are not running, calls to these services from the Functions emulator will affect production: firestore, database, pubsub {"metadata":{"emulator":{"name":"functions"},"message":"The following emulators are not running, calls to these services from the Functions emulator will affect production: \u001b[1mfirestore, database, pubsub\u001b[22m"}}
[warn] !  Your requested "node" version "10" doesn't match your global version "12" {"metadata":{"emulator":{"name":"functions"},"message":"Your requested \"node\" version \"10\" doesn't match your global version \"12\""}}
[debug] [2020-09-17T22:41:33.336Z] defaultcredentials: writing to file C:\Users\momad\AppData\Roaming\firebase\momado350_gmail_com_application_default_credentials.json
[debug] [2020-09-17T22:41:33.382Z] Setting GAC to C:\Users\momad\AppData\Roaming\firebase\momado350_gmail_com_application_default_credentials.json {"metadata":{"emulator":{"name":"functions"},"message":"Setting GAC to C:\\Users\\momad\\AppData\\Roaming\\firebase\\momado350_gmail_com_application_default_credentials.json"}}
[debug] [2020-09-17T22:41:35.444Z] > refreshing access token with scopes: ["email","https://www.googleapis.com/auth/cloud-platform","https://www.googleapis.com/auth/cloudplatformprojects.readonly","https://www.googleapis.com/auth/firebase","openid"]
[debug] [2020-09-17T22:41:35.445Z] >>> HTTP REQUEST POST https://www.googleapis.com/oauth2/v3/token  
 <request body omitted>
[debug] [2020-09-17T22:41:35.593Z] <<< HTTP RESPONSE 200 {"content-type":"application/json; charset=utf-8","vary":"X-Origin, Referer, Origin,Accept-Encoding","date":"Thu, 17 Sep 2020 22:41:35 GMT","server":"scaffolding on HTTPServer2","cache-control":"private","x-xss-protection":"0","x-frame-options":"SAMEORIGIN","x-content-type-options":"nosniff","alt-svc":"h3-Q050=\":443\"; ma=2592000,h3-29=\":443\"; ma=2592000,h3-27=\":443\"; ma=2592000,h3-T051=\":443\"; ma=2592000,h3-T050=\":443\"; ma=2592000,h3-Q046=\":443\"; ma=2592000,h3-Q043=\":443\"; ma=2592000,quic=\":443\"; ma=2592000; v=\"46,43\"","accept-ranges":"none","transfer-encoding":"chunked"}
[debug] [2020-09-17T22:41:35.603Z] >>> HTTP REQUEST GET https://firebase.googleapis.com/v1beta1/projects/challenge-a915b/webApps/-/config  
 
[debug] [2020-09-17T22:41:36.074Z] <<< HTTP RESPONSE 200 {"content-type":"application/json; charset=UTF-8","vary":"X-Origin, Referer, Origin,Accept-Encoding","date":"Thu, 17 Sep 2020 22:41:36 GMT","server":"ESF","cache-control":"private","x-xss-protection":"0","x-frame-options":"SAMEORIGIN","x-content-type-options":"nosniff","alt-svc":"h3-Q050=\":443\"; ma=2592000,h3-29=\":443\"; ma=2592000,h3-27=\":443\"; ma=2592000,h3-T051=\":443\"; ma=2592000,h3-T050=\":443\"; ma=2592000,h3-Q046=\":443\"; ma=2592000,h3-Q043=\":443\"; ma=2592000,quic=\":443\"; ma=2592000; v=\"46,43\"","accept-ranges":"none","transfer-encoding":"chunked"}
[info] i  hosting: Serving hosting files from: build {"metadata":{"emulator":{"name":"hosting"},"message":"Serving hosting files from: \u001b[1mbuild\u001b[22m"}}
[info] +  hosting: Local server: http://localhost:5000 {"metadata":{"emulator":{"name":"hosting"},"message":"Local server: \u001b[4m\u001b[1mhttp://localhost:5000\u001b[22m\u001b[24m"}}
[debug] [2020-09-17T22:41:40.179Z] Ignoring unsupported arg: auto_download {"metadata":{"emulator":{"name":"ui"},"message":"Ignoring unsupported arg: auto_download"}}
[debug] [2020-09-17T22:41:40.179Z] Ignoring unsupported arg: port {"metadata":{"emulator":{"name":"ui"},"message":"Ignoring unsupported arg: port"}}
[debug] [2020-09-17T22:41:40.180Z] Starting Emulator UI with command {"binary":"node","args":["C:\\Users\\momad\\.cache\\firebase\\emulators\\ui-v1.1.1\\server.bundle.js"],"optionalArgs":[],"joinArgs":false} {"metadata":{"emulator":{"name":"ui"},"message":"Starting Emulator UI with command {\"binary\":\"node\",\"args\":[\"C:\\\\Users\\\\momad\\\\.cache\\\\firebase\\\\emulators\\\\ui-v1.1.1\\\\server.bundle.js\"],\"optionalArgs\":[],\"joinArgs\":false}"}}
[info] i  ui: Emulator UI logging to ui-debug.log {"metadata":{"emulator":{"name":"ui"},"message":"Emulator UI logging to \u001b[1mui-debug.log\u001b[22m"}}
[debug] [2020-09-17T22:41:40.294Z] Web / API server started at http://localhost:4000
 {"metadata":{"emulator":{"name":"ui"},"message":"Web / API server started at http://localhost:4000\n"}}
[info] i  functions: Watching "C:\Users\momad\Desktop\github_repo\amazon-app\amazon-app\functions" for Cloud Functions... {"metadata":{"emulator":{"name":"functions"},"message":"Watching \"C:\\Users\\momad\\Desktop\\github_repo\\amazon-app\\amazon-app\\functions\" for Cloud Functions..."}}
[debug] [2020-09-17T22:41:40.716Z] [worker-pool] addWorker(~diagnostic~) {"metadata":{"emulator":{"name":"functions"},"message":"[worker-pool] addWorker(~diagnostic~)"}}
[debug] [2020-09-17T22:41:40.717Z] [worker-pool] Adding worker with key ~diagnostic~, total=1 {"metadata":{"emulator":{"name":"functions"},"message":"[worker-pool] Adding worker with key ~diagnostic~, total=1"}}
[debug] [2020-09-17T22:41:40.717Z] [worker-pool] submitWork(triggerId=) {"metadata":{"emulator":{"name":"functions"},"message":"[worker-pool] submitWork(triggerId=)"}}
[debug] [2020-09-17T22:41:40.717Z] [worker-~diagnostic~-d6ba1f5d-2eff-4e15-9343-4ef2fec450d1]: Assigning socketPath: \\?\pipe\C:\Users\momad\Desktop\github_repo\amazon-app\amazon-app\functions\12208 {"metadata":{"emulator":{"name":"functions"},"message":"[worker-~diagnostic~-d6ba1f5d-2eff-4e15-9343-4ef2fec450d1]: Assigning socketPath: \\\\?\\pipe\\C:\\Users\\momad\\Desktop\\github_repo\\amazon-app\\amazon-app\\functions\\12208"}}
[debug] [2020-09-17T22:41:40.717Z] [worker-~diagnostic~-d6ba1f5d-2eff-4e15-9343-4ef2fec450d1]: BUSY {"metadata":{"emulator":{"name":"functions"},"message":"[worker-~diagnostic~-d6ba1f5d-2eff-4e15-9343-4ef2fec450d1]: BUSY"}}
